{"C:\\Users\\3Embed\\Documents\\node-apis\\vidly-api-node\\index.js": {"path":"C:\\Users\\3Embed\\Documents\\node-apis\\vidly-api-node\\index.js","statementMap":{"0":{"start":{"line":1,"column":16},"end":{"line":1,"column":34}},"1":{"start":{"line":2,"column":16},"end":{"line":2,"column":34}},"2":{"start":{"line":3,"column":15},"end":{"line":3,"column":32}},"3":{"start":{"line":4,"column":12},"end":{"line":4,"column":21}},"4":{"start":{"line":6,"column":0},"end":{"line":6,"column":31}},"5":{"start":{"line":7,"column":0},"end":{"line":7,"column":31}},"6":{"start":{"line":8,"column":0},"end":{"line":8,"column":33}},"7":{"start":{"line":9,"column":0},"end":{"line":9,"column":26}},"8":{"start":{"line":10,"column":0},"end":{"line":10,"column":30}},"9":{"start":{"line":11,"column":0},"end":{"line":11,"column":34}},"10":{"start":{"line":13,"column":13},"end":{"line":13,"column":51}},"11":{"start":{"line":14,"column":15},"end":{"line":16,"column":1}},"12":{"start":{"line":15,"column":2},"end":{"line":15,"column":46}},"13":{"start":{"line":18,"column":0},"end":{"line":18,"column":24}}},"fnMap":{"0":{"name":"(anonymous_0)","decl":{"start":{"line":14,"column":32},"end":{"line":14,"column":33}},"loc":{"start":{"line":15,"column":2},"end":{"line":15,"column":46}},"line":15}},"branchMap":{"0":{"loc":{"start":{"line":13,"column":13},"end":{"line":13,"column":51}},"type":"binary-expr","locations":[{"start":{"line":13,"column":13},"end":{"line":13,"column":29}},{"start":{"line":13,"column":33},"end":{"line":13,"column":51}}],"line":13}},"s":{"0":3,"1":3,"2":3,"3":3,"4":3,"5":3,"6":3,"7":3,"8":3,"9":3,"10":3,"11":3,"12":3,"13":3},"f":{"0":3},"b":{"0":[3,3]},"_coverageSchema":"332fd63041d2c1bcb487cc26dd0d5f7d97098a6c","hash":"bda8cb3bbdeeae22d2964d93126607ca8275b4ed"}
,"C:\\Users\\3Embed\\Documents\\node-apis\\vidly-api-node\\middleware\\admin.js": {"path":"C:\\Users\\3Embed\\Documents\\node-apis\\vidly-api-node\\middleware\\admin.js","statementMap":{"0":{"start":{"line":1,"column":15},"end":{"line":1,"column":32}},"1":{"start":{"line":3,"column":0},"end":{"line":11,"column":2}},"2":{"start":{"line":6,"column":2},"end":{"line":6,"column":49}},"3":{"start":{"line":6,"column":35},"end":{"line":6,"column":49}},"4":{"start":{"line":8,"column":2},"end":{"line":8,"column":71}},"5":{"start":{"line":8,"column":25},"end":{"line":8,"column":71}},"6":{"start":{"line":10,"column":2},"end":{"line":10,"column":9}}},"fnMap":{"0":{"name":"(anonymous_0)","decl":{"start":{"line":3,"column":17},"end":{"line":3,"column":18}},"loc":{"start":{"line":3,"column":42},"end":{"line":11,"column":1}},"line":3}},"branchMap":{"0":{"loc":{"start":{"line":6,"column":2},"end":{"line":6,"column":49}},"type":"if","locations":[{"start":{"line":6,"column":2},"end":{"line":6,"column":49}},{"start":{"line":6,"column":2},"end":{"line":6,"column":49}}],"line":6},"1":{"loc":{"start":{"line":8,"column":2},"end":{"line":8,"column":71}},"type":"if","locations":[{"start":{"line":8,"column":2},"end":{"line":8,"column":71}},{"start":{"line":8,"column":2},"end":{"line":8,"column":71}}],"line":8}},"s":{"0":3,"1":3,"2":5,"3":0,"4":5,"5":1,"6":4},"f":{"0":5},"b":{"0":[0,5],"1":[1,4]},"_coverageSchema":"332fd63041d2c1bcb487cc26dd0d5f7d97098a6c","hash":"e9cb0ec619cb54ccdb36efe08f54402fab64af30"}
,"C:\\Users\\3Embed\\Documents\\node-apis\\vidly-api-node\\middleware\\auth.js": {"path":"C:\\Users\\3Embed\\Documents\\node-apis\\vidly-api-node\\middleware\\auth.js","statementMap":{"0":{"start":{"line":1,"column":12},"end":{"line":1,"column":35}},"1":{"start":{"line":2,"column":15},"end":{"line":2,"column":32}},"2":{"start":{"line":4,"column":0},"end":{"line":17,"column":2}},"3":{"start":{"line":5,"column":2},"end":{"line":5,"column":49}},"4":{"start":{"line":5,"column":35},"end":{"line":5,"column":49}},"5":{"start":{"line":7,"column":16},"end":{"line":7,"column":42}},"6":{"start":{"line":8,"column":2},"end":{"line":8,"column":79}},"7":{"start":{"line":8,"column":14},"end":{"line":8,"column":79}},"8":{"start":{"line":10,"column":2},"end":{"line":16,"column":3}},"9":{"start":{"line":11,"column":20},"end":{"line":11,"column":66}},"10":{"start":{"line":12,"column":4},"end":{"line":12,"column":23}},"11":{"start":{"line":13,"column":4},"end":{"line":13,"column":11}},"12":{"start":{"line":15,"column":4},"end":{"line":15,"column":43}}},"fnMap":{"0":{"name":"(anonymous_0)","decl":{"start":{"line":4,"column":17},"end":{"line":4,"column":18}},"loc":{"start":{"line":4,"column":42},"end":{"line":17,"column":1}},"line":4}},"branchMap":{"0":{"loc":{"start":{"line":5,"column":2},"end":{"line":5,"column":49}},"type":"if","locations":[{"start":{"line":5,"column":2},"end":{"line":5,"column":49}},{"start":{"line":5,"column":2},"end":{"line":5,"column":49}}],"line":5},"1":{"loc":{"start":{"line":8,"column":2},"end":{"line":8,"column":79}},"type":"if","locations":[{"start":{"line":8,"column":2},"end":{"line":8,"column":79}},{"start":{"line":8,"column":2},"end":{"line":8,"column":79}}],"line":8}},"s":{"0":3,"1":3,"2":3,"3":23,"4":0,"5":23,"6":23,"7":4,"8":19,"9":19,"10":17,"11":17,"12":2},"f":{"0":23},"b":{"0":[0,23],"1":[4,19]},"_coverageSchema":"332fd63041d2c1bcb487cc26dd0d5f7d97098a6c","hash":"ee6549fb8d0b85df6f5f0e9368ff7ac1bc730f01"}
,"C:\\Users\\3Embed\\Documents\\node-apis\\vidly-api-node\\middleware\\error.js": {"path":"C:\\Users\\3Embed\\Documents\\node-apis\\vidly-api-node\\middleware\\error.js","statementMap":{"0":{"start":{"line":1,"column":16},"end":{"line":1,"column":34}},"1":{"start":{"line":3,"column":0},"end":{"line":14,"column":1}},"2":{"start":{"line":4,"column":2},"end":{"line":4,"column":34}},"3":{"start":{"line":13,"column":2},"end":{"line":13,"column":44}}},"fnMap":{"0":{"name":"(anonymous_0)","decl":{"start":{"line":3,"column":17},"end":{"line":3,"column":18}},"loc":{"start":{"line":3,"column":46},"end":{"line":14,"column":1}},"line":3}},"branchMap":{},"s":{"0":3,"1":3,"2":0,"3":0},"f":{"0":0},"b":{},"_coverageSchema":"332fd63041d2c1bcb487cc26dd0d5f7d97098a6c","hash":"a1bc7e132b8f06356c84467828f64970c5423954"}
,"C:\\Users\\3Embed\\Documents\\node-apis\\vidly-api-node\\middleware\\validate.js": {"path":"C:\\Users\\3Embed\\Documents\\node-apis\\vidly-api-node\\middleware\\validate.js","statementMap":{"0":{"start":{"line":2,"column":0},"end":{"line":8,"column":1}},"1":{"start":{"line":3,"column":2},"end":{"line":7,"column":3}},"2":{"start":{"line":4,"column":22},"end":{"line":4,"column":41}},"3":{"start":{"line":5,"column":4},"end":{"line":5,"column":69}},"4":{"start":{"line":5,"column":15},"end":{"line":5,"column":69}},"5":{"start":{"line":6,"column":4},"end":{"line":6,"column":11}}},"fnMap":{"0":{"name":"(anonymous_0)","decl":{"start":{"line":2,"column":17},"end":{"line":2,"column":18}},"loc":{"start":{"line":2,"column":32},"end":{"line":8,"column":1}},"line":2},"1":{"name":"(anonymous_1)","decl":{"start":{"line":3,"column":9},"end":{"line":3,"column":10}},"loc":{"start":{"line":3,"column":29},"end":{"line":7,"column":3}},"line":3}},"branchMap":{"0":{"loc":{"start":{"line":5,"column":4},"end":{"line":5,"column":69}},"type":"if","locations":[{"start":{"line":5,"column":4},"end":{"line":5,"column":69}},{"start":{"line":5,"column":4},"end":{"line":5,"column":69}}],"line":5}},"s":{"0":3,"1":3,"2":0,"3":0,"4":0,"5":0},"f":{"0":3,"1":0},"b":{"0":[0,0]},"_coverageSchema":"332fd63041d2c1bcb487cc26dd0d5f7d97098a6c","hash":"27bd38c1e2a2541249eb463690c67229518bfc7d"}
,"C:\\Users\\3Embed\\Documents\\node-apis\\vidly-api-node\\middleware\\validateObjectId.js": {"path":"C:\\Users\\3Embed\\Documents\\node-apis\\vidly-api-node\\middleware\\validateObjectId.js","statementMap":{"0":{"start":{"line":1,"column":17},"end":{"line":1,"column":36}},"1":{"start":{"line":3,"column":0},"end":{"line":8,"column":1}},"2":{"start":{"line":4,"column":2},"end":{"line":5,"column":47}},"3":{"start":{"line":5,"column":4},"end":{"line":5,"column":47}},"4":{"start":{"line":7,"column":2},"end":{"line":7,"column":9}}},"fnMap":{"0":{"name":"(anonymous_0)","decl":{"start":{"line":3,"column":17},"end":{"line":3,"column":18}},"loc":{"start":{"line":3,"column":42},"end":{"line":8,"column":1}},"line":3}},"branchMap":{"0":{"loc":{"start":{"line":4,"column":2},"end":{"line":5,"column":47}},"type":"if","locations":[{"start":{"line":4,"column":2},"end":{"line":5,"column":47}},{"start":{"line":4,"column":2},"end":{"line":5,"column":47}}],"line":4}},"s":{"0":3,"1":3,"2":13,"3":3,"4":10},"f":{"0":13},"b":{"0":[3,10]},"_coverageSchema":"332fd63041d2c1bcb487cc26dd0d5f7d97098a6c","hash":"8d041386680af3b7736e46cd1e771d39f91b1318"}
,"C:\\Users\\3Embed\\Documents\\node-apis\\vidly-api-node\\models\\customer.js": {"path":"C:\\Users\\3Embed\\Documents\\node-apis\\vidly-api-node\\models\\customer.js","statementMap":{"0":{"start":{"line":1,"column":12},"end":{"line":1,"column":26}},"1":{"start":{"line":2,"column":17},"end":{"line":2,"column":36}},"2":{"start":{"line":4,"column":17},"end":{"line":21,"column":3}},"3":{"start":{"line":24,"column":17},"end":{"line":28,"column":3}},"4":{"start":{"line":30,"column":2},"end":{"line":30,"column":40}},"5":{"start":{"line":33,"column":0},"end":{"line":33,"column":28}},"6":{"start":{"line":34,"column":0},"end":{"line":34,"column":36}}},"fnMap":{"0":{"name":"validateCustomer","decl":{"start":{"line":23,"column":9},"end":{"line":23,"column":25}},"loc":{"start":{"line":23,"column":36},"end":{"line":31,"column":1}},"line":23}},"branchMap":{},"s":{"0":3,"1":3,"2":3,"3":0,"4":0,"5":3,"6":3},"f":{"0":0},"b":{},"_coverageSchema":"332fd63041d2c1bcb487cc26dd0d5f7d97098a6c","hash":"e27edb9625950f8d7c777469f2f2bf7368a82bc5"}
,"C:\\Users\\3Embed\\Documents\\node-apis\\vidly-api-node\\models\\genre.js": {"path":"C:\\Users\\3Embed\\Documents\\node-apis\\vidly-api-node\\models\\genre.js","statementMap":{"0":{"start":{"line":1,"column":12},"end":{"line":1,"column":26}},"1":{"start":{"line":2,"column":17},"end":{"line":2,"column":36}},"2":{"start":{"line":4,"column":20},"end":{"line":11,"column":2}},"3":{"start":{"line":13,"column":14},"end":{"line":13,"column":50}},"4":{"start":{"line":16,"column":17},"end":{"line":18,"column":3}},"5":{"start":{"line":20,"column":2},"end":{"line":20,"column":37}},"6":{"start":{"line":23,"column":0},"end":{"line":23,"column":34}},"7":{"start":{"line":24,"column":0},"end":{"line":24,"column":22}},"8":{"start":{"line":25,"column":0},"end":{"line":25,"column":33}}},"fnMap":{"0":{"name":"validateGenre","decl":{"start":{"line":15,"column":9},"end":{"line":15,"column":22}},"loc":{"start":{"line":15,"column":30},"end":{"line":21,"column":1}},"line":15}},"branchMap":{},"s":{"0":3,"1":3,"2":3,"3":3,"4":11,"5":11,"6":3,"7":3,"8":3},"f":{"0":11},"b":{},"_coverageSchema":"332fd63041d2c1bcb487cc26dd0d5f7d97098a6c","hash":"7e7a3a33c11d7b08f25cd559bedb0725f00174e8"}
,"C:\\Users\\3Embed\\Documents\\node-apis\\vidly-api-node\\models\\movie.js": {"path":"C:\\Users\\3Embed\\Documents\\node-apis\\vidly-api-node\\models\\movie.js","statementMap":{"0":{"start":{"line":1,"column":12},"end":{"line":1,"column":26}},"1":{"start":{"line":2,"column":17},"end":{"line":2,"column":36}},"2":{"start":{"line":3,"column":22},"end":{"line":3,"column":40}},"3":{"start":{"line":5,"column":14},"end":{"line":29,"column":3}},"4":{"start":{"line":32,"column":17},"end":{"line":37,"column":3}},"5":{"start":{"line":39,"column":2},"end":{"line":39,"column":37}},"6":{"start":{"line":42,"column":0},"end":{"line":42,"column":22}},"7":{"start":{"line":43,"column":0},"end":{"line":43,"column":33}}},"fnMap":{"0":{"name":"validateMovie","decl":{"start":{"line":31,"column":9},"end":{"line":31,"column":22}},"loc":{"start":{"line":31,"column":30},"end":{"line":40,"column":1}},"line":31}},"branchMap":{},"s":{"0":3,"1":3,"2":3,"3":3,"4":0,"5":0,"6":3,"7":3},"f":{"0":0},"b":{},"_coverageSchema":"332fd63041d2c1bcb487cc26dd0d5f7d97098a6c","hash":"4c5b3ffdb148f29e53998fa8d98e1172a8023203"}
,"C:\\Users\\3Embed\\Documents\\node-apis\\vidly-api-node\\models\\rental.js": {"path":"C:\\Users\\3Embed\\Documents\\node-apis\\vidly-api-node\\models\\rental.js","statementMap":{"0":{"start":{"line":1,"column":12},"end":{"line":1,"column":26}},"1":{"start":{"line":2,"column":17},"end":{"line":2,"column":36}},"2":{"start":{"line":3,"column":15},"end":{"line":3,"column":32}},"3":{"start":{"line":5,"column":21},"end":{"line":57,"column":2}},"4":{"start":{"line":59,"column":0},"end":{"line":64,"column":1}},"5":{"start":{"line":60,"column":2},"end":{"line":63,"column":5}},"6":{"start":{"line":66,"column":0},"end":{"line":71,"column":1}},"7":{"start":{"line":67,"column":2},"end":{"line":67,"column":33}},"8":{"start":{"line":69,"column":21},"end":{"line":69,"column":56}},"9":{"start":{"line":70,"column":2},"end":{"line":70,"column":59}},"10":{"start":{"line":73,"column":15},"end":{"line":73,"column":53}},"11":{"start":{"line":76,"column":17},"end":{"line":79,"column":3}},"12":{"start":{"line":81,"column":2},"end":{"line":81,"column":38}},"13":{"start":{"line":84,"column":0},"end":{"line":84,"column":24}},"14":{"start":{"line":85,"column":0},"end":{"line":85,"column":34}}},"fnMap":{"0":{"name":"(anonymous_0)","decl":{"start":{"line":59,"column":30},"end":{"line":59,"column":31}},"loc":{"start":{"line":59,"column":60},"end":{"line":64,"column":1}},"line":59},"1":{"name":"(anonymous_1)","decl":{"start":{"line":66,"column":30},"end":{"line":66,"column":31}},"loc":{"start":{"line":66,"column":41},"end":{"line":71,"column":1}},"line":66},"2":{"name":"validateRental","decl":{"start":{"line":75,"column":9},"end":{"line":75,"column":23}},"loc":{"start":{"line":75,"column":32},"end":{"line":82,"column":1}},"line":75}},"branchMap":{},"s":{"0":4,"1":4,"2":4,"3":4,"4":4,"5":0,"6":4,"7":0,"8":0,"9":0,"10":4,"11":0,"12":0,"13":4,"14":4},"f":{"0":0,"1":0,"2":0},"b":{},"_coverageSchema":"332fd63041d2c1bcb487cc26dd0d5f7d97098a6c","hash":"1470fe79fd484efd82cab87e8266ef3de8bf48a3"}
,"C:\\Users\\3Embed\\Documents\\node-apis\\vidly-api-node\\models\\user.js": {"path":"C:\\Users\\3Embed\\Documents\\node-apis\\vidly-api-node\\models\\user.js","statementMap":{"0":{"start":{"line":1,"column":15},"end":{"line":1,"column":32}},"1":{"start":{"line":2,"column":12},"end":{"line":2,"column":35}},"2":{"start":{"line":3,"column":12},"end":{"line":3,"column":26}},"3":{"start":{"line":4,"column":17},"end":{"line":4,"column":36}},"4":{"start":{"line":6,"column":19},"end":{"line":27,"column":2}},"5":{"start":{"line":29,"column":0},"end":{"line":40,"column":2}},"6":{"start":{"line":30,"column":16},"end":{"line":38,"column":3}},"7":{"start":{"line":39,"column":2},"end":{"line":39,"column":15}},"8":{"start":{"line":42,"column":13},"end":{"line":42,"column":47}},"9":{"start":{"line":45,"column":17},"end":{"line":59,"column":3}},"10":{"start":{"line":61,"column":2},"end":{"line":61,"column":36}},"11":{"start":{"line":64,"column":0},"end":{"line":64,"column":20}},"12":{"start":{"line":65,"column":0},"end":{"line":65,"column":32}}},"fnMap":{"0":{"name":"(anonymous_0)","decl":{"start":{"line":29,"column":39},"end":{"line":29,"column":40}},"loc":{"start":{"line":29,"column":50},"end":{"line":40,"column":1}},"line":29},"1":{"name":"validateUser","decl":{"start":{"line":44,"column":9},"end":{"line":44,"column":21}},"loc":{"start":{"line":44,"column":28},"end":{"line":62,"column":1}},"line":44}},"branchMap":{},"s":{"0":4,"1":4,"2":4,"3":4,"4":4,"5":4,"6":26,"7":26,"8":4,"9":0,"10":0,"11":4,"12":4},"f":{"0":26,"1":0},"b":{},"_coverageSchema":"332fd63041d2c1bcb487cc26dd0d5f7d97098a6c","hash":"30442093eb74e612ac5974703487e066713da817"}
,"C:\\Users\\3Embed\\Documents\\node-apis\\vidly-api-node\\routes\\auth.js": {"path":"C:\\Users\\3Embed\\Documents\\node-apis\\vidly-api-node\\routes\\auth.js","statementMap":{"0":{"start":{"line":1,"column":12},"end":{"line":1,"column":26}},"1":{"start":{"line":2,"column":15},"end":{"line":2,"column":32}},"2":{"start":{"line":3,"column":10},"end":{"line":3,"column":27}},"3":{"start":{"line":4,"column":15},"end":{"line":4,"column":40}},"4":{"start":{"line":5,"column":17},"end":{"line":5,"column":36}},"5":{"start":{"line":6,"column":16},"end":{"line":6,"column":34}},"6":{"start":{"line":7,"column":15},"end":{"line":7,"column":31}},"7":{"start":{"line":9,"column":0},"end":{"line":21,"column":3}},"8":{"start":{"line":10,"column":20},"end":{"line":10,"column":38}},"9":{"start":{"line":11,"column":2},"end":{"line":11,"column":67}},"10":{"start":{"line":11,"column":13},"end":{"line":11,"column":67}},"11":{"start":{"line":13,"column":13},"end":{"line":13,"column":58}},"12":{"start":{"line":14,"column":2},"end":{"line":14,"column":71}},"13":{"start":{"line":14,"column":13},"end":{"line":14,"column":71}},"14":{"start":{"line":16,"column":24},"end":{"line":16,"column":78}},"15":{"start":{"line":17,"column":2},"end":{"line":17,"column":80}},"16":{"start":{"line":17,"column":22},"end":{"line":17,"column":80}},"17":{"start":{"line":19,"column":16},"end":{"line":19,"column":40}},"18":{"start":{"line":20,"column":2},"end":{"line":20,"column":18}},"19":{"start":{"line":24,"column":17},"end":{"line":27,"column":3}},"20":{"start":{"line":29,"column":2},"end":{"line":29,"column":35}},"21":{"start":{"line":32,"column":0},"end":{"line":32,"column":24}}},"fnMap":{"0":{"name":"(anonymous_0)","decl":{"start":{"line":9,"column":17},"end":{"line":9,"column":18}},"loc":{"start":{"line":9,"column":37},"end":{"line":21,"column":1}},"line":9},"1":{"name":"validate","decl":{"start":{"line":23,"column":9},"end":{"line":23,"column":17}},"loc":{"start":{"line":23,"column":23},"end":{"line":30,"column":1}},"line":23}},"branchMap":{"0":{"loc":{"start":{"line":11,"column":2},"end":{"line":11,"column":67}},"type":"if","locations":[{"start":{"line":11,"column":2},"end":{"line":11,"column":67}},{"start":{"line":11,"column":2},"end":{"line":11,"column":67}}],"line":11},"1":{"loc":{"start":{"line":14,"column":2},"end":{"line":14,"column":71}},"type":"if","locations":[{"start":{"line":14,"column":2},"end":{"line":14,"column":71}},{"start":{"line":14,"column":2},"end":{"line":14,"column":71}}],"line":14},"2":{"loc":{"start":{"line":17,"column":2},"end":{"line":17,"column":80}},"type":"if","locations":[{"start":{"line":17,"column":2},"end":{"line":17,"column":80}},{"start":{"line":17,"column":2},"end":{"line":17,"column":80}}],"line":17}},"s":{"0":3,"1":3,"2":3,"3":3,"4":3,"5":3,"6":3,"7":3,"8":0,"9":0,"10":0,"11":0,"12":0,"13":0,"14":0,"15":0,"16":0,"17":0,"18":0,"19":0,"20":0,"21":3},"f":{"0":0,"1":0},"b":{"0":[0,0],"1":[0,0],"2":[0,0]},"_coverageSchema":"332fd63041d2c1bcb487cc26dd0d5f7d97098a6c","hash":"67b1415d39b0d920f79caa340ae083fda943af54"}
,"C:\\Users\\3Embed\\Documents\\node-apis\\vidly-api-node\\routes\\customers.js": {"path":"C:\\Users\\3Embed\\Documents\\node-apis\\vidly-api-node\\routes\\customers.js","statementMap":{"0":{"start":{"line":1,"column":31},"end":{"line":1,"column":60}},"1":{"start":{"line":2,"column":13},"end":{"line":2,"column":42}},"2":{"start":{"line":3,"column":16},"end":{"line":3,"column":34}},"3":{"start":{"line":4,"column":15},"end":{"line":4,"column":31}},"4":{"start":{"line":6,"column":0},"end":{"line":11,"column":3}},"5":{"start":{"line":7,"column":20},"end":{"line":9,"column":17}},"6":{"start":{"line":10,"column":2},"end":{"line":10,"column":22}},"7":{"start":{"line":13,"column":0},"end":{"line":25,"column":3}},"8":{"start":{"line":14,"column":20},"end":{"line":14,"column":38}},"9":{"start":{"line":15,"column":2},"end":{"line":15,"column":67}},"10":{"start":{"line":15,"column":13},"end":{"line":15,"column":67}},"11":{"start":{"line":17,"column":17},"end":{"line":21,"column":4}},"12":{"start":{"line":22,"column":2},"end":{"line":22,"column":35}},"13":{"start":{"line":24,"column":2},"end":{"line":24,"column":21}},"14":{"start":{"line":27,"column":0},"end":{"line":47,"column":3}},"15":{"start":{"line":28,"column":20},"end":{"line":28,"column":38}},"16":{"start":{"line":29,"column":2},"end":{"line":29,"column":67}},"17":{"start":{"line":29,"column":13},"end":{"line":29,"column":67}},"18":{"start":{"line":31,"column":19},"end":{"line":39,"column":3}},"19":{"start":{"line":41,"column":2},"end":{"line":44,"column":61}},"20":{"start":{"line":42,"column":4},"end":{"line":44,"column":61}},"21":{"start":{"line":46,"column":2},"end":{"line":46,"column":21}},"22":{"start":{"line":49,"column":0},"end":{"line":58,"column":3}},"23":{"start":{"line":50,"column":19},"end":{"line":50,"column":66}},"24":{"start":{"line":52,"column":2},"end":{"line":55,"column":61}},"25":{"start":{"line":53,"column":4},"end":{"line":55,"column":61}},"26":{"start":{"line":57,"column":2},"end":{"line":57,"column":21}},"27":{"start":{"line":60,"column":0},"end":{"line":69,"column":3}},"28":{"start":{"line":61,"column":19},"end":{"line":61,"column":72}},"29":{"start":{"line":63,"column":2},"end":{"line":66,"column":61}},"30":{"start":{"line":64,"column":4},"end":{"line":66,"column":61}},"31":{"start":{"line":68,"column":2},"end":{"line":68,"column":21}},"32":{"start":{"line":71,"column":0},"end":{"line":71,"column":24}}},"fnMap":{"0":{"name":"(anonymous_0)","decl":{"start":{"line":6,"column":22},"end":{"line":6,"column":23}},"loc":{"start":{"line":6,"column":42},"end":{"line":11,"column":1}},"line":6},"1":{"name":"(anonymous_1)","decl":{"start":{"line":13,"column":23},"end":{"line":13,"column":24}},"loc":{"start":{"line":13,"column":43},"end":{"line":25,"column":1}},"line":13},"2":{"name":"(anonymous_2)","decl":{"start":{"line":27,"column":25},"end":{"line":27,"column":26}},"loc":{"start":{"line":27,"column":45},"end":{"line":47,"column":1}},"line":27},"3":{"name":"(anonymous_3)","decl":{"start":{"line":49,"column":28},"end":{"line":49,"column":29}},"loc":{"start":{"line":49,"column":48},"end":{"line":58,"column":1}},"line":49},"4":{"name":"(anonymous_4)","decl":{"start":{"line":60,"column":25},"end":{"line":60,"column":26}},"loc":{"start":{"line":60,"column":45},"end":{"line":69,"column":1}},"line":60}},"branchMap":{"0":{"loc":{"start":{"line":15,"column":2},"end":{"line":15,"column":67}},"type":"if","locations":[{"start":{"line":15,"column":2},"end":{"line":15,"column":67}},{"start":{"line":15,"column":2},"end":{"line":15,"column":67}}],"line":15},"1":{"loc":{"start":{"line":29,"column":2},"end":{"line":29,"column":67}},"type":"if","locations":[{"start":{"line":29,"column":2},"end":{"line":29,"column":67}},{"start":{"line":29,"column":2},"end":{"line":29,"column":67}}],"line":29},"2":{"loc":{"start":{"line":41,"column":2},"end":{"line":44,"column":61}},"type":"if","locations":[{"start":{"line":41,"column":2},"end":{"line":44,"column":61}},{"start":{"line":41,"column":2},"end":{"line":44,"column":61}}],"line":41},"3":{"loc":{"start":{"line":52,"column":2},"end":{"line":55,"column":61}},"type":"if","locations":[{"start":{"line":52,"column":2},"end":{"line":55,"column":61}},{"start":{"line":52,"column":2},"end":{"line":55,"column":61}}],"line":52},"4":{"loc":{"start":{"line":63,"column":2},"end":{"line":66,"column":61}},"type":"if","locations":[{"start":{"line":63,"column":2},"end":{"line":66,"column":61}},{"start":{"line":63,"column":2},"end":{"line":66,"column":61}}],"line":63}},"s":{"0":3,"1":3,"2":3,"3":3,"4":3,"5":0,"6":0,"7":3,"8":0,"9":0,"10":0,"11":0,"12":0,"13":0,"14":3,"15":0,"16":0,"17":0,"18":0,"19":0,"20":0,"21":0,"22":3,"23":0,"24":0,"25":0,"26":0,"27":3,"28":0,"29":0,"30":0,"31":0,"32":3},"f":{"0":0,"1":0,"2":0,"3":0,"4":0},"b":{"0":[0,0],"1":[0,0],"2":[0,0],"3":[0,0],"4":[0,0]},"_coverageSchema":"332fd63041d2c1bcb487cc26dd0d5f7d97098a6c","hash":"55f95a07a07428ca9b587249bc2851c182ca2d2f"}
,"C:\\Users\\3Embed\\Documents\\node-apis\\vidly-api-node\\routes\\genres.js": {"path":"C:\\Users\\3Embed\\Documents\\node-apis\\vidly-api-node\\routes\\genres.js","statementMap":{"0":{"start":{"line":1,"column":25},"end":{"line":1,"column":66}},"1":{"start":{"line":2,"column":13},"end":{"line":2,"column":42}},"2":{"start":{"line":3,"column":14},"end":{"line":3,"column":44}},"3":{"start":{"line":4,"column":28},"end":{"line":4,"column":54}},"4":{"start":{"line":5,"column":17},"end":{"line":5,"column":36}},"5":{"start":{"line":6,"column":16},"end":{"line":6,"column":34}},"6":{"start":{"line":7,"column":15},"end":{"line":7,"column":31}},"7":{"start":{"line":9,"column":0},"end":{"line":14,"column":3}},"8":{"start":{"line":10,"column":17},"end":{"line":12,"column":17}},"9":{"start":{"line":13,"column":2},"end":{"line":13,"column":19}},"10":{"start":{"line":16,"column":0},"end":{"line":24,"column":3}},"11":{"start":{"line":17,"column":20},"end":{"line":17,"column":38}},"12":{"start":{"line":18,"column":2},"end":{"line":18,"column":67}},"13":{"start":{"line":18,"column":13},"end":{"line":18,"column":67}},"14":{"start":{"line":20,"column":14},"end":{"line":20,"column":48}},"15":{"start":{"line":21,"column":2},"end":{"line":21,"column":29}},"16":{"start":{"line":23,"column":2},"end":{"line":23,"column":18}},"17":{"start":{"line":26,"column":0},"end":{"line":42,"column":3}},"18":{"start":{"line":27,"column":20},"end":{"line":27,"column":38}},"19":{"start":{"line":28,"column":2},"end":{"line":28,"column":67}},"20":{"start":{"line":28,"column":13},"end":{"line":28,"column":67}},"21":{"start":{"line":30,"column":16},"end":{"line":36,"column":3}},"22":{"start":{"line":38,"column":2},"end":{"line":39,"column":78}},"23":{"start":{"line":39,"column":4},"end":{"line":39,"column":78}},"24":{"start":{"line":41,"column":2},"end":{"line":41,"column":18}},"25":{"start":{"line":44,"column":0},"end":{"line":51,"column":3}},"26":{"start":{"line":45,"column":16},"end":{"line":45,"column":60}},"27":{"start":{"line":47,"column":2},"end":{"line":48,"column":78}},"28":{"start":{"line":48,"column":4},"end":{"line":48,"column":78}},"29":{"start":{"line":50,"column":2},"end":{"line":50,"column":18}},"30":{"start":{"line":53,"column":0},"end":{"line":60,"column":3}},"31":{"start":{"line":54,"column":16},"end":{"line":54,"column":66}},"32":{"start":{"line":56,"column":2},"end":{"line":57,"column":78}},"33":{"start":{"line":57,"column":4},"end":{"line":57,"column":78}},"34":{"start":{"line":59,"column":2},"end":{"line":59,"column":18}},"35":{"start":{"line":62,"column":0},"end":{"line":62,"column":24}}},"fnMap":{"0":{"name":"(anonymous_0)","decl":{"start":{"line":9,"column":16},"end":{"line":9,"column":17}},"loc":{"start":{"line":9,"column":36},"end":{"line":14,"column":1}},"line":9},"1":{"name":"(anonymous_1)","decl":{"start":{"line":16,"column":23},"end":{"line":16,"column":24}},"loc":{"start":{"line":16,"column":43},"end":{"line":24,"column":1}},"line":16},"2":{"name":"(anonymous_2)","decl":{"start":{"line":26,"column":45},"end":{"line":26,"column":46}},"loc":{"start":{"line":26,"column":65},"end":{"line":42,"column":1}},"line":26},"3":{"name":"(anonymous_3)","decl":{"start":{"line":44,"column":55},"end":{"line":44,"column":56}},"loc":{"start":{"line":44,"column":75},"end":{"line":51,"column":1}},"line":44},"4":{"name":"(anonymous_4)","decl":{"start":{"line":53,"column":37},"end":{"line":53,"column":38}},"loc":{"start":{"line":53,"column":57},"end":{"line":60,"column":1}},"line":53}},"branchMap":{"0":{"loc":{"start":{"line":18,"column":2},"end":{"line":18,"column":67}},"type":"if","locations":[{"start":{"line":18,"column":2},"end":{"line":18,"column":67}},{"start":{"line":18,"column":2},"end":{"line":18,"column":67}}],"line":18},"1":{"loc":{"start":{"line":28,"column":2},"end":{"line":28,"column":67}},"type":"if","locations":[{"start":{"line":28,"column":2},"end":{"line":28,"column":67}},{"start":{"line":28,"column":2},"end":{"line":28,"column":67}}],"line":28},"2":{"loc":{"start":{"line":38,"column":2},"end":{"line":39,"column":78}},"type":"if","locations":[{"start":{"line":38,"column":2},"end":{"line":39,"column":78}},{"start":{"line":38,"column":2},"end":{"line":39,"column":78}}],"line":38},"3":{"loc":{"start":{"line":47,"column":2},"end":{"line":48,"column":78}},"type":"if","locations":[{"start":{"line":47,"column":2},"end":{"line":48,"column":78}},{"start":{"line":47,"column":2},"end":{"line":48,"column":78}}],"line":47},"4":{"loc":{"start":{"line":56,"column":2},"end":{"line":57,"column":78}},"type":"if","locations":[{"start":{"line":56,"column":2},"end":{"line":57,"column":78}},{"start":{"line":56,"column":2},"end":{"line":57,"column":78}}],"line":56}},"s":{"0":3,"1":3,"2":3,"3":3,"4":3,"5":3,"6":3,"7":3,"8":1,"9":1,"10":3,"11":6,"12":6,"13":2,"14":4,"15":4,"16":4,"17":3,"18":5,"19":5,"20":2,"21":3,"22":3,"23":1,"24":2,"25":3,"26":3,"27":3,"28":1,"29":2,"30":3,"31":2,"32":2,"33":1,"34":1,"35":3},"f":{"0":1,"1":6,"2":5,"3":3,"4":2},"b":{"0":[2,4],"1":[2,3],"2":[1,2],"3":[1,2],"4":[1,1]},"_coverageSchema":"332fd63041d2c1bcb487cc26dd0d5f7d97098a6c","hash":"081152c5922c7abb076d9304802d7bb07168fcb8"}
,"C:\\Users\\3Embed\\Documents\\node-apis\\vidly-api-node\\routes\\movies.js": {"path":"C:\\Users\\3Embed\\Documents\\node-apis\\vidly-api-node\\routes\\movies.js","statementMap":{"0":{"start":{"line":1,"column":28},"end":{"line":1,"column":54}},"1":{"start":{"line":2,"column":18},"end":{"line":2,"column":44}},"2":{"start":{"line":3,"column":13},"end":{"line":3,"column":42}},"3":{"start":{"line":4,"column":14},"end":{"line":4,"column":44}},"4":{"start":{"line":5,"column":25},"end":{"line":5,"column":66}},"5":{"start":{"line":6,"column":15},"end":{"line":6,"column":32}},"6":{"start":{"line":7,"column":17},"end":{"line":7,"column":36}},"7":{"start":{"line":8,"column":16},"end":{"line":8,"column":34}},"8":{"start":{"line":9,"column":15},"end":{"line":9,"column":31}},"9":{"start":{"line":11,"column":0},"end":{"line":16,"column":3}},"10":{"start":{"line":12,"column":17},"end":{"line":14,"column":17}},"11":{"start":{"line":15,"column":2},"end":{"line":15,"column":19}},"12":{"start":{"line":18,"column":0},"end":{"line":38,"column":3}},"13":{"start":{"line":19,"column":20},"end":{"line":19,"column":38}},"14":{"start":{"line":20,"column":2},"end":{"line":20,"column":67}},"15":{"start":{"line":20,"column":13},"end":{"line":20,"column":67}},"16":{"start":{"line":22,"column":16},"end":{"line":22,"column":54}},"17":{"start":{"line":23,"column":2},"end":{"line":23,"column":60}},"18":{"start":{"line":23,"column":14},"end":{"line":23,"column":60}},"19":{"start":{"line":25,"column":16},"end":{"line":34,"column":4}},"20":{"start":{"line":35,"column":2},"end":{"line":35,"column":21}},"21":{"start":{"line":37,"column":2},"end":{"line":37,"column":18}},"22":{"start":{"line":40,"column":0},"end":{"line":65,"column":3}},"23":{"start":{"line":41,"column":20},"end":{"line":41,"column":38}},"24":{"start":{"line":42,"column":2},"end":{"line":42,"column":67}},"25":{"start":{"line":42,"column":13},"end":{"line":42,"column":67}},"26":{"start":{"line":44,"column":16},"end":{"line":44,"column":54}},"27":{"start":{"line":45,"column":2},"end":{"line":45,"column":60}},"28":{"start":{"line":45,"column":14},"end":{"line":45,"column":60}},"29":{"start":{"line":47,"column":16},"end":{"line":59,"column":3}},"30":{"start":{"line":61,"column":2},"end":{"line":62,"column":78}},"31":{"start":{"line":62,"column":4},"end":{"line":62,"column":78}},"32":{"start":{"line":64,"column":2},"end":{"line":64,"column":18}},"33":{"start":{"line":67,"column":0},"end":{"line":74,"column":3}},"34":{"start":{"line":68,"column":16},"end":{"line":68,"column":60}},"35":{"start":{"line":70,"column":2},"end":{"line":71,"column":78}},"36":{"start":{"line":71,"column":4},"end":{"line":71,"column":78}},"37":{"start":{"line":73,"column":2},"end":{"line":73,"column":18}},"38":{"start":{"line":76,"column":0},"end":{"line":83,"column":3}},"39":{"start":{"line":77,"column":16},"end":{"line":77,"column":66}},"40":{"start":{"line":79,"column":2},"end":{"line":80,"column":78}},"41":{"start":{"line":80,"column":4},"end":{"line":80,"column":78}},"42":{"start":{"line":82,"column":2},"end":{"line":82,"column":18}},"43":{"start":{"line":85,"column":0},"end":{"line":85,"column":24}}},"fnMap":{"0":{"name":"(anonymous_0)","decl":{"start":{"line":11,"column":16},"end":{"line":11,"column":17}},"loc":{"start":{"line":11,"column":36},"end":{"line":16,"column":1}},"line":11},"1":{"name":"(anonymous_1)","decl":{"start":{"line":18,"column":25},"end":{"line":18,"column":26}},"loc":{"start":{"line":18,"column":45},"end":{"line":38,"column":1}},"line":18},"2":{"name":"(anonymous_2)","decl":{"start":{"line":40,"column":27},"end":{"line":40,"column":28}},"loc":{"start":{"line":40,"column":47},"end":{"line":65,"column":1}},"line":40},"3":{"name":"(anonymous_3)","decl":{"start":{"line":67,"column":37},"end":{"line":67,"column":38}},"loc":{"start":{"line":67,"column":57},"end":{"line":74,"column":1}},"line":67},"4":{"name":"(anonymous_4)","decl":{"start":{"line":76,"column":37},"end":{"line":76,"column":38}},"loc":{"start":{"line":76,"column":57},"end":{"line":83,"column":1}},"line":76}},"branchMap":{"0":{"loc":{"start":{"line":20,"column":2},"end":{"line":20,"column":67}},"type":"if","locations":[{"start":{"line":20,"column":2},"end":{"line":20,"column":67}},{"start":{"line":20,"column":2},"end":{"line":20,"column":67}}],"line":20},"1":{"loc":{"start":{"line":23,"column":2},"end":{"line":23,"column":60}},"type":"if","locations":[{"start":{"line":23,"column":2},"end":{"line":23,"column":60}},{"start":{"line":23,"column":2},"end":{"line":23,"column":60}}],"line":23},"2":{"loc":{"start":{"line":42,"column":2},"end":{"line":42,"column":67}},"type":"if","locations":[{"start":{"line":42,"column":2},"end":{"line":42,"column":67}},{"start":{"line":42,"column":2},"end":{"line":42,"column":67}}],"line":42},"3":{"loc":{"start":{"line":45,"column":2},"end":{"line":45,"column":60}},"type":"if","locations":[{"start":{"line":45,"column":2},"end":{"line":45,"column":60}},{"start":{"line":45,"column":2},"end":{"line":45,"column":60}}],"line":45},"4":{"loc":{"start":{"line":61,"column":2},"end":{"line":62,"column":78}},"type":"if","locations":[{"start":{"line":61,"column":2},"end":{"line":62,"column":78}},{"start":{"line":61,"column":2},"end":{"line":62,"column":78}}],"line":61},"5":{"loc":{"start":{"line":70,"column":2},"end":{"line":71,"column":78}},"type":"if","locations":[{"start":{"line":70,"column":2},"end":{"line":71,"column":78}},{"start":{"line":70,"column":2},"end":{"line":71,"column":78}}],"line":70},"6":{"loc":{"start":{"line":79,"column":2},"end":{"line":80,"column":78}},"type":"if","locations":[{"start":{"line":79,"column":2},"end":{"line":80,"column":78}},{"start":{"line":79,"column":2},"end":{"line":80,"column":78}}],"line":79}},"s":{"0":3,"1":3,"2":3,"3":3,"4":3,"5":3,"6":3,"7":3,"8":3,"9":3,"10":0,"11":0,"12":3,"13":0,"14":0,"15":0,"16":0,"17":0,"18":0,"19":0,"20":0,"21":0,"22":3,"23":0,"24":0,"25":0,"26":0,"27":0,"28":0,"29":0,"30":0,"31":0,"32":0,"33":3,"34":0,"35":0,"36":0,"37":0,"38":3,"39":0,"40":0,"41":0,"42":0,"43":3},"f":{"0":0,"1":0,"2":0,"3":0,"4":0},"b":{"0":[0,0],"1":[0,0],"2":[0,0],"3":[0,0],"4":[0,0],"5":[0,0],"6":[0,0]},"_coverageSchema":"332fd63041d2c1bcb487cc26dd0d5f7d97098a6c","hash":"c7e720b2ce15dd443cbb2c7c351ce6a4c1ee7599"}
,"C:\\Users\\3Embed\\Documents\\node-apis\\vidly-api-node\\routes\\rentals.js": {"path":"C:\\Users\\3Embed\\Documents\\node-apis\\vidly-api-node\\routes\\rentals.js","statementMap":{"0":{"start":{"line":1,"column":29},"end":{"line":1,"column":56}},"1":{"start":{"line":2,"column":18},"end":{"line":2,"column":44}},"2":{"start":{"line":3,"column":21},"end":{"line":3,"column":50}},"3":{"start":{"line":4,"column":13},"end":{"line":4,"column":42}},"4":{"start":{"line":5,"column":17},"end":{"line":5,"column":36}},"5":{"start":{"line":6,"column":13},"end":{"line":6,"column":28}},"6":{"start":{"line":7,"column":16},"end":{"line":7,"column":34}},"7":{"start":{"line":8,"column":15},"end":{"line":8,"column":31}},"8":{"start":{"line":10,"column":0},"end":{"line":10,"column":20}},"9":{"start":{"line":12,"column":0},"end":{"line":17,"column":3}},"10":{"start":{"line":13,"column":18},"end":{"line":15,"column":21}},"11":{"start":{"line":16,"column":2},"end":{"line":16,"column":20}},"12":{"start":{"line":19,"column":0},"end":{"line":61,"column":3}},"13":{"start":{"line":20,"column":20},"end":{"line":20,"column":38}},"14":{"start":{"line":21,"column":2},"end":{"line":21,"column":67}},"15":{"start":{"line":21,"column":13},"end":{"line":21,"column":67}},"16":{"start":{"line":23,"column":19},"end":{"line":23,"column":63}},"17":{"start":{"line":24,"column":2},"end":{"line":24,"column":66}},"18":{"start":{"line":24,"column":17},"end":{"line":24,"column":66}},"19":{"start":{"line":26,"column":16},"end":{"line":26,"column":54}},"20":{"start":{"line":27,"column":2},"end":{"line":27,"column":60}},"21":{"start":{"line":27,"column":14},"end":{"line":27,"column":60}},"22":{"start":{"line":29,"column":2},"end":{"line":30,"column":55}},"23":{"start":{"line":30,"column":4},"end":{"line":30,"column":55}},"24":{"start":{"line":32,"column":15},"end":{"line":43,"column":4}},"25":{"start":{"line":45,"column":2},"end":{"line":60,"column":3}},"26":{"start":{"line":46,"column":4},"end":{"line":55,"column":13}},"27":{"start":{"line":57,"column":4},"end":{"line":57,"column":21}},"28":{"start":{"line":59,"column":4},"end":{"line":59,"column":46}},"29":{"start":{"line":63,"column":0},"end":{"line":70,"column":3}},"30":{"start":{"line":64,"column":17},"end":{"line":64,"column":68}},"31":{"start":{"line":66,"column":2},"end":{"line":67,"column":79}},"32":{"start":{"line":67,"column":4},"end":{"line":67,"column":79}},"33":{"start":{"line":69,"column":2},"end":{"line":69,"column":19}},"34":{"start":{"line":72,"column":0},"end":{"line":72,"column":24}}},"fnMap":{"0":{"name":"(anonymous_0)","decl":{"start":{"line":12,"column":22},"end":{"line":12,"column":23}},"loc":{"start":{"line":12,"column":42},"end":{"line":17,"column":1}},"line":12},"1":{"name":"(anonymous_1)","decl":{"start":{"line":19,"column":23},"end":{"line":19,"column":24}},"loc":{"start":{"line":19,"column":43},"end":{"line":61,"column":1}},"line":19},"2":{"name":"(anonymous_2)","decl":{"start":{"line":63,"column":27},"end":{"line":63,"column":28}},"loc":{"start":{"line":63,"column":47},"end":{"line":70,"column":1}},"line":63}},"branchMap":{"0":{"loc":{"start":{"line":21,"column":2},"end":{"line":21,"column":67}},"type":"if","locations":[{"start":{"line":21,"column":2},"end":{"line":21,"column":67}},{"start":{"line":21,"column":2},"end":{"line":21,"column":67}}],"line":21},"1":{"loc":{"start":{"line":24,"column":2},"end":{"line":24,"column":66}},"type":"if","locations":[{"start":{"line":24,"column":2},"end":{"line":24,"column":66}},{"start":{"line":24,"column":2},"end":{"line":24,"column":66}}],"line":24},"2":{"loc":{"start":{"line":27,"column":2},"end":{"line":27,"column":60}},"type":"if","locations":[{"start":{"line":27,"column":2},"end":{"line":27,"column":60}},{"start":{"line":27,"column":2},"end":{"line":27,"column":60}}],"line":27},"3":{"loc":{"start":{"line":29,"column":2},"end":{"line":30,"column":55}},"type":"if","locations":[{"start":{"line":29,"column":2},"end":{"line":30,"column":55}},{"start":{"line":29,"column":2},"end":{"line":30,"column":55}}],"line":29},"4":{"loc":{"start":{"line":66,"column":2},"end":{"line":67,"column":79}},"type":"if","locations":[{"start":{"line":66,"column":2},"end":{"line":67,"column":79}},{"start":{"line":66,"column":2},"end":{"line":67,"column":79}}],"line":66}},"s":{"0":3,"1":3,"2":3,"3":3,"4":3,"5":3,"6":3,"7":3,"8":3,"9":3,"10":0,"11":0,"12":3,"13":0,"14":0,"15":0,"16":0,"17":0,"18":0,"19":0,"20":0,"21":0,"22":0,"23":0,"24":0,"25":0,"26":0,"27":0,"28":0,"29":3,"30":0,"31":0,"32":0,"33":0,"34":3},"f":{"0":0,"1":0,"2":0},"b":{"0":[0,0],"1":[0,0],"2":[0,0],"3":[0,0],"4":[0,0]},"_coverageSchema":"332fd63041d2c1bcb487cc26dd0d5f7d97098a6c","hash":"70d1fcca890df91793dea9d03fdb758ac27b4d5a"}
,"C:\\Users\\3Embed\\Documents\\node-apis\\vidly-api-node\\routes\\returns.js": {"path":"C:\\Users\\3Embed\\Documents\\node-apis\\vidly-api-node\\routes\\returns.js","statementMap":{"0":{"start":{"line":1,"column":12},"end":{"line":1,"column":26}},"1":{"start":{"line":2,"column":17},"end":{"line":2,"column":50}},"2":{"start":{"line":3,"column":19},"end":{"line":3,"column":46}},"3":{"start":{"line":4,"column":18},"end":{"line":4,"column":44}},"4":{"start":{"line":5,"column":13},"end":{"line":5,"column":42}},"5":{"start":{"line":6,"column":16},"end":{"line":6,"column":34}},"6":{"start":{"line":7,"column":15},"end":{"line":7,"column":31}},"7":{"start":{"line":9,"column":0},"end":{"line":28,"column":3}},"8":{"start":{"line":10,"column":17},"end":{"line":10,"column":75}},"9":{"start":{"line":12,"column":2},"end":{"line":12,"column":64}},"10":{"start":{"line":12,"column":15},"end":{"line":12,"column":64}},"11":{"start":{"line":14,"column":2},"end":{"line":15,"column":61}},"12":{"start":{"line":15,"column":4},"end":{"line":15,"column":61}},"13":{"start":{"line":17,"column":2},"end":{"line":17,"column":18}},"14":{"start":{"line":18,"column":2},"end":{"line":18,"column":22}},"15":{"start":{"line":20,"column":2},"end":{"line":25,"column":4}},"16":{"start":{"line":27,"column":2},"end":{"line":27,"column":26}},"17":{"start":{"line":31,"column":17},"end":{"line":34,"column":3}},"18":{"start":{"line":36,"column":2},"end":{"line":36,"column":35}},"19":{"start":{"line":39,"column":0},"end":{"line":39,"column":24}}},"fnMap":{"0":{"name":"(anonymous_0)","decl":{"start":{"line":9,"column":51},"end":{"line":9,"column":52}},"loc":{"start":{"line":9,"column":71},"end":{"line":28,"column":1}},"line":9},"1":{"name":"validateReturn","decl":{"start":{"line":30,"column":9},"end":{"line":30,"column":23}},"loc":{"start":{"line":30,"column":29},"end":{"line":37,"column":1}},"line":30}},"branchMap":{"0":{"loc":{"start":{"line":12,"column":2},"end":{"line":12,"column":64}},"type":"if","locations":[{"start":{"line":12,"column":2},"end":{"line":12,"column":64}},{"start":{"line":12,"column":2},"end":{"line":12,"column":64}}],"line":12},"1":{"loc":{"start":{"line":14,"column":2},"end":{"line":15,"column":61}},"type":"if","locations":[{"start":{"line":14,"column":2},"end":{"line":15,"column":61}},{"start":{"line":14,"column":2},"end":{"line":15,"column":61}}],"line":14}},"s":{"0":3,"1":3,"2":3,"3":3,"4":3,"5":3,"6":3,"7":3,"8":0,"9":0,"10":0,"11":0,"12":0,"13":0,"14":0,"15":0,"16":0,"17":0,"18":0,"19":3},"f":{"0":0,"1":0},"b":{"0":[0,0],"1":[0,0]},"_coverageSchema":"332fd63041d2c1bcb487cc26dd0d5f7d97098a6c","hash":"5ce85633b44103beeac48456046c1726054fd6f9"}
,"C:\\Users\\3Embed\\Documents\\node-apis\\vidly-api-node\\routes\\users.js": {"path":"C:\\Users\\3Embed\\Documents\\node-apis\\vidly-api-node\\routes\\users.js","statementMap":{"0":{"start":{"line":1,"column":13},"end":{"line":1,"column":42}},"1":{"start":{"line":2,"column":15},"end":{"line":2,"column":32}},"2":{"start":{"line":3,"column":10},"end":{"line":3,"column":27}},"3":{"start":{"line":4,"column":27},"end":{"line":4,"column":52}},"4":{"start":{"line":5,"column":16},"end":{"line":5,"column":34}},"5":{"start":{"line":6,"column":15},"end":{"line":6,"column":31}},"6":{"start":{"line":8,"column":0},"end":{"line":11,"column":3}},"7":{"start":{"line":9,"column":15},"end":{"line":9,"column":68}},"8":{"start":{"line":10,"column":2},"end":{"line":10,"column":17}},"9":{"start":{"line":13,"column":0},"end":{"line":29,"column":3}},"10":{"start":{"line":14,"column":20},"end":{"line":14,"column":38}},"11":{"start":{"line":15,"column":2},"end":{"line":15,"column":67}},"12":{"start":{"line":15,"column":13},"end":{"line":15,"column":67}},"13":{"start":{"line":17,"column":13},"end":{"line":17,"column":58}},"14":{"start":{"line":18,"column":2},"end":{"line":18,"column":68}},"15":{"start":{"line":18,"column":12},"end":{"line":18,"column":68}},"16":{"start":{"line":20,"column":2},"end":{"line":20,"column":67}},"17":{"start":{"line":21,"column":15},"end":{"line":21,"column":39}},"18":{"start":{"line":22,"column":2},"end":{"line":22,"column":57}},"19":{"start":{"line":23,"column":2},"end":{"line":23,"column":20}},"20":{"start":{"line":25,"column":16},"end":{"line":25,"column":40}},"21":{"start":{"line":26,"column":2},"end":{"line":28,"column":50}},"22":{"start":{"line":31,"column":0},"end":{"line":31,"column":24}}},"fnMap":{"0":{"name":"(anonymous_0)","decl":{"start":{"line":8,"column":24},"end":{"line":8,"column":25}},"loc":{"start":{"line":8,"column":44},"end":{"line":11,"column":1}},"line":8},"1":{"name":"(anonymous_1)","decl":{"start":{"line":13,"column":17},"end":{"line":13,"column":18}},"loc":{"start":{"line":13,"column":37},"end":{"line":29,"column":1}},"line":13}},"branchMap":{"0":{"loc":{"start":{"line":15,"column":2},"end":{"line":15,"column":67}},"type":"if","locations":[{"start":{"line":15,"column":2},"end":{"line":15,"column":67}},{"start":{"line":15,"column":2},"end":{"line":15,"column":67}}],"line":15},"1":{"loc":{"start":{"line":18,"column":2},"end":{"line":18,"column":68}},"type":"if","locations":[{"start":{"line":18,"column":2},"end":{"line":18,"column":68}},{"start":{"line":18,"column":2},"end":{"line":18,"column":68}}],"line":18}},"s":{"0":3,"1":3,"2":3,"3":3,"4":3,"5":3,"6":3,"7":0,"8":0,"9":3,"10":0,"11":0,"12":0,"13":0,"14":0,"15":0,"16":0,"17":0,"18":0,"19":0,"20":0,"21":0,"22":3},"f":{"0":0,"1":0},"b":{"0":[0,0],"1":[0,0]},"_coverageSchema":"332fd63041d2c1bcb487cc26dd0d5f7d97098a6c","hash":"ceabf324724cb9d282e277811835aa190b8e8b2e"}
,"C:\\Users\\3Embed\\Documents\\node-apis\\vidly-api-node\\startup\\config.js": {"path":"C:\\Users\\3Embed\\Documents\\node-apis\\vidly-api-node\\startup\\config.js","statementMap":{"0":{"start":{"line":1,"column":15},"end":{"line":1,"column":32}},"1":{"start":{"line":3,"column":0},"end":{"line":7,"column":1}},"2":{"start":{"line":4,"column":2},"end":{"line":6,"column":3}},"3":{"start":{"line":5,"column":4},"end":{"line":5,"column":66}}},"fnMap":{"0":{"name":"(anonymous_0)","decl":{"start":{"line":3,"column":17},"end":{"line":3,"column":18}},"loc":{"start":{"line":3,"column":28},"end":{"line":7,"column":1}},"line":3}},"branchMap":{"0":{"loc":{"start":{"line":4,"column":2},"end":{"line":6,"column":3}},"type":"if","locations":[{"start":{"line":4,"column":2},"end":{"line":6,"column":3}},{"start":{"line":4,"column":2},"end":{"line":6,"column":3}}],"line":4}},"s":{"0":3,"1":3,"2":3,"3":0},"f":{"0":3},"b":{"0":[0,3]},"_coverageSchema":"332fd63041d2c1bcb487cc26dd0d5f7d97098a6c","hash":"831583b41617ba23cfeb4b42860f8d0c680d0969"}
,"C:\\Users\\3Embed\\Documents\\node-apis\\vidly-api-node\\startup\\cors.js": {"path":"C:\\Users\\3Embed\\Documents\\node-apis\\vidly-api-node\\startup\\cors.js","statementMap":{"0":{"start":{"line":1,"column":13},"end":{"line":1,"column":28}},"1":{"start":{"line":3,"column":0},"end":{"line":5,"column":2}},"2":{"start":{"line":4,"column":2},"end":{"line":4,"column":18}}},"fnMap":{"0":{"name":"(anonymous_0)","decl":{"start":{"line":3,"column":17},"end":{"line":3,"column":18}},"loc":{"start":{"line":3,"column":31},"end":{"line":5,"column":1}},"line":3}},"branchMap":{},"s":{"0":3,"1":3,"2":3},"f":{"0":3},"b":{},"_coverageSchema":"332fd63041d2c1bcb487cc26dd0d5f7d97098a6c","hash":"11a33e761047d96775c4e449a7886ec9515a304b"}
,"C:\\Users\\3Embed\\Documents\\node-apis\\vidly-api-node\\startup\\db.js": {"path":"C:\\Users\\3Embed\\Documents\\node-apis\\vidly-api-node\\startup\\db.js","statementMap":{"0":{"start":{"line":1,"column":16},"end":{"line":1,"column":34}},"1":{"start":{"line":2,"column":17},"end":{"line":2,"column":36}},"2":{"start":{"line":3,"column":15},"end":{"line":3,"column":32}},"3":{"start":{"line":5,"column":0},"end":{"line":10,"column":2}},"4":{"start":{"line":6,"column":13},"end":{"line":6,"column":29}},"5":{"start":{"line":7,"column":2},"end":{"line":9,"column":65}},"6":{"start":{"line":9,"column":16},"end":{"line":9,"column":63}}},"fnMap":{"0":{"name":"(anonymous_0)","decl":{"start":{"line":5,"column":17},"end":{"line":5,"column":18}},"loc":{"start":{"line":5,"column":28},"end":{"line":10,"column":1}},"line":5},"1":{"name":"(anonymous_1)","decl":{"start":{"line":9,"column":10},"end":{"line":9,"column":11}},"loc":{"start":{"line":9,"column":16},"end":{"line":9,"column":63}},"line":9}},"branchMap":{},"s":{"0":3,"1":3,"2":3,"3":3,"4":3,"5":3,"6":3},"f":{"0":3,"1":3},"b":{},"_coverageSchema":"332fd63041d2c1bcb487cc26dd0d5f7d97098a6c","hash":"63ec49b2118cf260954bcf1c641aad84d6db4b39"}
,"C:\\Users\\3Embed\\Documents\\node-apis\\vidly-api-node\\startup\\logging.js": {"path":"C:\\Users\\3Embed\\Documents\\node-apis\\vidly-api-node\\startup\\logging.js","statementMap":{"0":{"start":{"line":1,"column":16},"end":{"line":1,"column":34}},"1":{"start":{"line":3,"column":0},"end":{"line":3,"column":32}},"2":{"start":{"line":5,"column":0},"end":{"line":19,"column":1}},"3":{"start":{"line":6,"column":2},"end":{"line":8,"column":73}},"4":{"start":{"line":10,"column":2},"end":{"line":12,"column":5}},"5":{"start":{"line":11,"column":4},"end":{"line":11,"column":13}},"6":{"start":{"line":14,"column":2},"end":{"line":14,"column":68}}},"fnMap":{"0":{"name":"(anonymous_0)","decl":{"start":{"line":5,"column":17},"end":{"line":5,"column":18}},"loc":{"start":{"line":5,"column":28},"end":{"line":19,"column":1}},"line":5},"1":{"name":"(anonymous_1)","decl":{"start":{"line":10,"column":35},"end":{"line":10,"column":36}},"loc":{"start":{"line":10,"column":43},"end":{"line":12,"column":3}},"line":10}},"branchMap":{},"s":{"0":3,"1":3,"2":3,"3":3,"4":3,"5":0,"6":3},"f":{"0":3,"1":0},"b":{},"_coverageSchema":"332fd63041d2c1bcb487cc26dd0d5f7d97098a6c","hash":"94e36556ad5407333aa6d0165e1b4898468f41e8"}
,"C:\\Users\\3Embed\\Documents\\node-apis\\vidly-api-node\\startup\\routes.js": {"path":"C:\\Users\\3Embed\\Documents\\node-apis\\vidly-api-node\\startup\\routes.js","statementMap":{"0":{"start":{"line":1,"column":16},"end":{"line":1,"column":34}},"1":{"start":{"line":2,"column":15},"end":{"line":2,"column":42}},"2":{"start":{"line":3,"column":18},"end":{"line":3,"column":48}},"3":{"start":{"line":4,"column":15},"end":{"line":4,"column":42}},"4":{"start":{"line":5,"column":16},"end":{"line":5,"column":44}},"5":{"start":{"line":6,"column":14},"end":{"line":6,"column":40}},"6":{"start":{"line":7,"column":13},"end":{"line":7,"column":38}},"7":{"start":{"line":8,"column":16},"end":{"line":8,"column":44}},"8":{"start":{"line":9,"column":14},"end":{"line":9,"column":44}},"9":{"start":{"line":11,"column":0},"end":{"line":21,"column":1}},"10":{"start":{"line":12,"column":2},"end":{"line":12,"column":26}},"11":{"start":{"line":13,"column":2},"end":{"line":13,"column":33}},"12":{"start":{"line":14,"column":2},"end":{"line":14,"column":39}},"13":{"start":{"line":15,"column":2},"end":{"line":15,"column":33}},"14":{"start":{"line":16,"column":2},"end":{"line":16,"column":35}},"15":{"start":{"line":17,"column":2},"end":{"line":17,"column":31}},"16":{"start":{"line":18,"column":2},"end":{"line":18,"column":29}},"17":{"start":{"line":19,"column":2},"end":{"line":19,"column":35}},"18":{"start":{"line":20,"column":2},"end":{"line":20,"column":17}}},"fnMap":{"0":{"name":"(anonymous_0)","decl":{"start":{"line":11,"column":17},"end":{"line":11,"column":18}},"loc":{"start":{"line":11,"column":31},"end":{"line":21,"column":1}},"line":11}},"branchMap":{},"s":{"0":3,"1":3,"2":3,"3":3,"4":3,"5":3,"6":3,"7":3,"8":3,"9":3,"10":3,"11":3,"12":3,"13":3,"14":3,"15":3,"16":3,"17":3,"18":3},"f":{"0":3},"b":{},"_coverageSchema":"332fd63041d2c1bcb487cc26dd0d5f7d97098a6c","hash":"56d78c902e080f55770756d28b314023e5299b21"}
,"C:\\Users\\3Embed\\Documents\\node-apis\\vidly-api-node\\startup\\validation.js": {"path":"C:\\Users\\3Embed\\Documents\\node-apis\\vidly-api-node\\startup\\validation.js","statementMap":{"0":{"start":{"line":1,"column":12},"end":{"line":1,"column":26}},"1":{"start":{"line":3,"column":0},"end":{"line":5,"column":1}},"2":{"start":{"line":4,"column":2},"end":{"line":4,"column":46}}},"fnMap":{"0":{"name":"(anonymous_0)","decl":{"start":{"line":3,"column":17},"end":{"line":3,"column":18}},"loc":{"start":{"line":3,"column":28},"end":{"line":5,"column":1}},"line":3}},"branchMap":{},"s":{"0":3,"1":3,"2":3},"f":{"0":3},"b":{},"_coverageSchema":"332fd63041d2c1bcb487cc26dd0d5f7d97098a6c","hash":"aba83bc1a70e8ba86d5699db29dbf97eb0f911d0"}
}
