TN:
SF:C:\Users\3Embed\Documents\node-apis\vidly-api-node\index.js
FN:14,(anonymous_0)
FNF:1
FNH:1
FNDA:3,(anonymous_0)
DA:1,3
DA:2,3
DA:3,3
DA:4,3
DA:6,3
DA:7,3
DA:8,3
DA:9,3
DA:10,3
DA:11,3
DA:13,3
DA:14,3
DA:15,3
DA:18,3
LF:14
LH:14
BRDA:13,0,0,3
BRDA:13,0,1,3
BRF:2
BRH:2
end_of_record
TN:
SF:C:\Users\3Embed\Documents\node-apis\vidly-api-node\middleware\admin.js
FN:3,(anonymous_0)
FNF:1
FNH:1
FNDA:5,(anonymous_0)
DA:1,3
DA:3,3
DA:6,5
DA:8,5
DA:10,4
LF:5
LH:5
BRDA:6,0,0,0
BRDA:6,0,1,5
BRDA:8,1,0,1
BRDA:8,1,1,4
BRF:4
BRH:3
end_of_record
TN:
SF:C:\Users\3Embed\Documents\node-apis\vidly-api-node\middleware\auth.js
FN:4,(anonymous_0)
FNF:1
FNH:1
FNDA:23,(anonymous_0)
DA:1,3
DA:2,3
DA:4,3
DA:5,23
DA:7,23
DA:8,23
DA:10,19
DA:11,19
DA:12,17
DA:13,17
DA:15,2
LF:11
LH:11
BRDA:5,0,0,0
BRDA:5,0,1,23
BRDA:8,1,0,4
BRDA:8,1,1,19
BRF:4
BRH:3
end_of_record
TN:
SF:C:\Users\3Embed\Documents\node-apis\vidly-api-node\middleware\error.js
FN:3,(anonymous_0)
FNF:1
FNH:0
FNDA:0,(anonymous_0)
DA:1,3
DA:3,3
DA:4,0
DA:13,0
LF:4
LH:2
BRF:0
BRH:0
end_of_record
TN:
SF:C:\Users\3Embed\Documents\node-apis\vidly-api-node\middleware\validate.js
FN:2,(anonymous_0)
FN:3,(anonymous_1)
FNF:2
FNH:1
FNDA:3,(anonymous_0)
FNDA:0,(anonymous_1)
DA:2,3
DA:3,3
DA:4,0
DA:5,0
DA:6,0
LF:5
LH:2
BRDA:5,0,0,0
BRDA:5,0,1,0
BRF:2
BRH:0
end_of_record
TN:
SF:C:\Users\3Embed\Documents\node-apis\vidly-api-node\middleware\validateObjectId.js
FN:3,(anonymous_0)
FNF:1
FNH:1
FNDA:13,(anonymous_0)
DA:1,3
DA:3,3
DA:4,13
DA:5,3
DA:7,10
LF:5
LH:5
BRDA:4,0,0,3
BRDA:4,0,1,10
BRF:2
BRH:2
end_of_record
TN:
SF:C:\Users\3Embed\Documents\node-apis\vidly-api-node\models\customer.js
FN:23,validateCustomer
FNF:1
FNH:0
FNDA:0,validateCustomer
DA:1,3
DA:2,3
DA:4,3
DA:24,0
DA:30,0
DA:33,3
DA:34,3
LF:7
LH:5
BRF:0
BRH:0
end_of_record
TN:
SF:C:\Users\3Embed\Documents\node-apis\vidly-api-node\models\genre.js
FN:15,validateGenre
FNF:1
FNH:1
FNDA:11,validateGenre
DA:1,3
DA:2,3
DA:4,3
DA:13,3
DA:16,11
DA:20,11
DA:23,3
DA:24,3
DA:25,3
LF:9
LH:9
BRF:0
BRH:0
end_of_record
TN:
SF:C:\Users\3Embed\Documents\node-apis\vidly-api-node\models\movie.js
FN:31,validateMovie
FNF:1
FNH:0
FNDA:0,validateMovie
DA:1,3
DA:2,3
DA:3,3
DA:5,3
DA:32,0
DA:39,0
DA:42,3
DA:43,3
LF:8
LH:6
BRF:0
BRH:0
end_of_record
TN:
SF:C:\Users\3Embed\Documents\node-apis\vidly-api-node\models\rental.js
FN:59,(anonymous_0)
FN:66,(anonymous_1)
FN:75,validateRental
FNF:3
FNH:0
FNDA:0,(anonymous_0)
FNDA:0,(anonymous_1)
FNDA:0,validateRental
DA:1,4
DA:2,4
DA:3,4
DA:5,4
DA:59,4
DA:60,0
DA:66,4
DA:67,0
DA:69,0
DA:70,0
DA:73,4
DA:76,0
DA:81,0
DA:84,4
DA:85,4
LF:15
LH:9
BRF:0
BRH:0
end_of_record
TN:
SF:C:\Users\3Embed\Documents\node-apis\vidly-api-node\models\user.js
FN:29,(anonymous_0)
FN:44,validateUser
FNF:2
FNH:1
FNDA:26,(anonymous_0)
FNDA:0,validateUser
DA:1,4
DA:2,4
DA:3,4
DA:4,4
DA:6,4
DA:29,4
DA:30,26
DA:39,26
DA:42,4
DA:45,0
DA:61,0
DA:64,4
DA:65,4
LF:13
LH:11
BRF:0
BRH:0
end_of_record
TN:
SF:C:\Users\3Embed\Documents\node-apis\vidly-api-node\routes\auth.js
FN:9,(anonymous_0)
FN:23,validate
FNF:2
FNH:0
FNDA:0,(anonymous_0)
FNDA:0,validate
DA:1,3
DA:2,3
DA:3,3
DA:4,3
DA:5,3
DA:6,3
DA:7,3
DA:9,3
DA:10,0
DA:11,0
DA:13,0
DA:14,0
DA:16,0
DA:17,0
DA:19,0
DA:20,0
DA:24,0
DA:29,0
DA:32,3
LF:19
LH:9
BRDA:11,0,0,0
BRDA:11,0,1,0
BRDA:14,1,0,0
BRDA:14,1,1,0
BRDA:17,2,0,0
BRDA:17,2,1,0
BRF:6
BRH:0
end_of_record
TN:
SF:C:\Users\3Embed\Documents\node-apis\vidly-api-node\routes\customers.js
FN:6,(anonymous_0)
FN:13,(anonymous_1)
FN:27,(anonymous_2)
FN:49,(anonymous_3)
FN:60,(anonymous_4)
FNF:5
FNH:0
FNDA:0,(anonymous_0)
FNDA:0,(anonymous_1)
FNDA:0,(anonymous_2)
FNDA:0,(anonymous_3)
FNDA:0,(anonymous_4)
DA:1,3
DA:2,3
DA:3,3
DA:4,3
DA:6,3
DA:7,0
DA:10,0
DA:13,3
DA:14,0
DA:15,0
DA:17,0
DA:22,0
DA:24,0
DA:27,3
DA:28,0
DA:29,0
DA:31,0
DA:41,0
DA:42,0
DA:46,0
DA:49,3
DA:50,0
DA:52,0
DA:53,0
DA:57,0
DA:60,3
DA:61,0
DA:63,0
DA:64,0
DA:68,0
DA:71,3
LF:31
LH:10
BRDA:15,0,0,0
BRDA:15,0,1,0
BRDA:29,1,0,0
BRDA:29,1,1,0
BRDA:41,2,0,0
BRDA:41,2,1,0
BRDA:52,3,0,0
BRDA:52,3,1,0
BRDA:63,4,0,0
BRDA:63,4,1,0
BRF:10
BRH:0
end_of_record
TN:
SF:C:\Users\3Embed\Documents\node-apis\vidly-api-node\routes\genres.js
FN:9,(anonymous_0)
FN:16,(anonymous_1)
FN:26,(anonymous_2)
FN:44,(anonymous_3)
FN:53,(anonymous_4)
FNF:5
FNH:5
FNDA:1,(anonymous_0)
FNDA:6,(anonymous_1)
FNDA:5,(anonymous_2)
FNDA:3,(anonymous_3)
FNDA:2,(anonymous_4)
DA:1,3
DA:2,3
DA:3,3
DA:4,3
DA:5,3
DA:6,3
DA:7,3
DA:9,3
DA:10,1
DA:13,1
DA:16,3
DA:17,6
DA:18,6
DA:20,4
DA:21,4
DA:23,4
DA:26,3
DA:27,5
DA:28,5
DA:30,3
DA:38,3
DA:39,1
DA:41,2
DA:44,3
DA:45,3
DA:47,3
DA:48,1
DA:50,2
DA:53,3
DA:54,2
DA:56,2
DA:57,1
DA:59,1
DA:62,3
LF:34
LH:34
BRDA:18,0,0,2
BRDA:18,0,1,4
BRDA:28,1,0,2
BRDA:28,1,1,3
BRDA:38,2,0,1
BRDA:38,2,1,2
BRDA:47,3,0,1
BRDA:47,3,1,2
BRDA:56,4,0,1
BRDA:56,4,1,1
BRF:10
BRH:10
end_of_record
TN:
SF:C:\Users\3Embed\Documents\node-apis\vidly-api-node\routes\movies.js
FN:11,(anonymous_0)
FN:18,(anonymous_1)
FN:40,(anonymous_2)
FN:67,(anonymous_3)
FN:76,(anonymous_4)
FNF:5
FNH:0
FNDA:0,(anonymous_0)
FNDA:0,(anonymous_1)
FNDA:0,(anonymous_2)
FNDA:0,(anonymous_3)
FNDA:0,(anonymous_4)
DA:1,3
DA:2,3
DA:3,3
DA:4,3
DA:5,3
DA:6,3
DA:7,3
DA:8,3
DA:9,3
DA:11,3
DA:12,0
DA:15,0
DA:18,3
DA:19,0
DA:20,0
DA:22,0
DA:23,0
DA:25,0
DA:35,0
DA:37,0
DA:40,3
DA:41,0
DA:42,0
DA:44,0
DA:45,0
DA:47,0
DA:61,0
DA:62,0
DA:64,0
DA:67,3
DA:68,0
DA:70,0
DA:71,0
DA:73,0
DA:76,3
DA:77,0
DA:79,0
DA:80,0
DA:82,0
DA:85,3
LF:40
LH:15
BRDA:20,0,0,0
BRDA:20,0,1,0
BRDA:23,1,0,0
BRDA:23,1,1,0
BRDA:42,2,0,0
BRDA:42,2,1,0
BRDA:45,3,0,0
BRDA:45,3,1,0
BRDA:61,4,0,0
BRDA:61,4,1,0
BRDA:70,5,0,0
BRDA:70,5,1,0
BRDA:79,6,0,0
BRDA:79,6,1,0
BRF:14
BRH:0
end_of_record
TN:
SF:C:\Users\3Embed\Documents\node-apis\vidly-api-node\routes\rentals.js
FN:12,(anonymous_0)
FN:19,(anonymous_1)
FN:63,(anonymous_2)
FNF:3
FNH:0
FNDA:0,(anonymous_0)
FNDA:0,(anonymous_1)
FNDA:0,(anonymous_2)
DA:1,3
DA:2,3
DA:3,3
DA:4,3
DA:5,3
DA:6,3
DA:7,3
DA:8,3
DA:10,3
DA:12,3
DA:13,0
DA:16,0
DA:19,3
DA:20,0
DA:21,0
DA:23,0
DA:24,0
DA:26,0
DA:27,0
DA:29,0
DA:30,0
DA:32,0
DA:45,0
DA:46,0
DA:57,0
DA:59,0
DA:63,3
DA:64,0
DA:66,0
DA:67,0
DA:69,0
DA:72,3
LF:32
LH:13
BRDA:21,0,0,0
BRDA:21,0,1,0
BRDA:24,1,0,0
BRDA:24,1,1,0
BRDA:27,2,0,0
BRDA:27,2,1,0
BRDA:29,3,0,0
BRDA:29,3,1,0
BRDA:66,4,0,0
BRDA:66,4,1,0
BRF:10
BRH:0
end_of_record
TN:
SF:C:\Users\3Embed\Documents\node-apis\vidly-api-node\routes\returns.js
FN:9,(anonymous_0)
FN:30,validateReturn
FNF:2
FNH:0
FNDA:0,(anonymous_0)
FNDA:0,validateReturn
DA:1,3
DA:2,3
DA:3,3
DA:4,3
DA:5,3
DA:6,3
DA:7,3
DA:9,3
DA:10,0
DA:12,0
DA:14,0
DA:15,0
DA:17,0
DA:18,0
DA:20,0
DA:27,0
DA:31,0
DA:36,0
DA:39,3
LF:19
LH:9
BRDA:12,0,0,0
BRDA:12,0,1,0
BRDA:14,1,0,0
BRDA:14,1,1,0
BRF:4
BRH:0
end_of_record
TN:
SF:C:\Users\3Embed\Documents\node-apis\vidly-api-node\routes\users.js
FN:8,(anonymous_0)
FN:13,(anonymous_1)
FNF:2
FNH:0
FNDA:0,(anonymous_0)
FNDA:0,(anonymous_1)
DA:1,3
DA:2,3
DA:3,3
DA:4,3
DA:5,3
DA:6,3
DA:8,3
DA:9,0
DA:10,0
DA:13,3
DA:14,0
DA:15,0
DA:17,0
DA:18,0
DA:20,0
DA:21,0
DA:22,0
DA:23,0
DA:25,0
DA:26,0
DA:31,3
LF:21
LH:9
BRDA:15,0,0,0
BRDA:15,0,1,0
BRDA:18,1,0,0
BRDA:18,1,1,0
BRF:4
BRH:0
end_of_record
TN:
SF:C:\Users\3Embed\Documents\node-apis\vidly-api-node\startup\config.js
FN:3,(anonymous_0)
FNF:1
FNH:1
FNDA:3,(anonymous_0)
DA:1,3
DA:3,3
DA:4,3
DA:5,0
LF:4
LH:3
BRDA:4,0,0,0
BRDA:4,0,1,3
BRF:2
BRH:1
end_of_record
TN:
SF:C:\Users\3Embed\Documents\node-apis\vidly-api-node\startup\cors.js
FN:3,(anonymous_0)
FNF:1
FNH:1
FNDA:3,(anonymous_0)
DA:1,3
DA:3,3
DA:4,3
LF:3
LH:3
BRF:0
BRH:0
end_of_record
TN:
SF:C:\Users\3Embed\Documents\node-apis\vidly-api-node\startup\db.js
FN:5,(anonymous_0)
FN:9,(anonymous_1)
FNF:2
FNH:2
FNDA:3,(anonymous_0)
FNDA:3,(anonymous_1)
DA:1,3
DA:2,3
DA:3,3
DA:5,3
DA:6,3
DA:7,3
DA:9,3
LF:7
LH:7
BRF:0
BRH:0
end_of_record
TN:
SF:C:\Users\3Embed\Documents\node-apis\vidly-api-node\startup\logging.js
FN:5,(anonymous_0)
FN:10,(anonymous_1)
FNF:2
FNH:1
FNDA:3,(anonymous_0)
FNDA:0,(anonymous_1)
DA:1,3
DA:3,3
DA:5,3
DA:6,3
DA:10,3
DA:11,0
DA:14,3
LF:7
LH:6
BRF:0
BRH:0
end_of_record
TN:
SF:C:\Users\3Embed\Documents\node-apis\vidly-api-node\startup\routes.js
FN:11,(anonymous_0)
FNF:1
FNH:1
FNDA:3,(anonymous_0)
DA:1,3
DA:2,3
DA:3,3
DA:4,3
DA:5,3
DA:6,3
DA:7,3
DA:8,3
DA:9,3
DA:11,3
DA:12,3
DA:13,3
DA:14,3
DA:15,3
DA:16,3
DA:17,3
DA:18,3
DA:19,3
DA:20,3
LF:19
LH:19
BRF:0
BRH:0
end_of_record
TN:
SF:C:\Users\3Embed\Documents\node-apis\vidly-api-node\startup\validation.js
FN:3,(anonymous_0)
FNF:1
FNH:1
FNDA:3,(anonymous_0)
DA:1,3
DA:3,3
DA:4,3
LF:3
LH:3
BRF:0
BRH:0
end_of_record
